CXX compiler IPO check failed with the following output:
Change Dir: /home/zeeshan/emergency-response-system/mobile/android/app/.cxx/Debug/s6w3t1p3/x86/CMakeFiles/_CMakeLTOTest-CXX/bin

Run Build Command(s):/home/zeeshan/Android/Sdk/cmake/3.22.1/bin/ninja && [1/4] Building CXX object CMakeFiles/boo.dir/main.cpp.o
[2/4] Building CXX object CMakeFiles/foo.dir/foo.cpp.o
[3/4] Linking CXX static library libfoo.a
[4/4] Linking CXX executable boo
FAILED: boo 
: && /home/zeeshan/Android/Sdk/ndk/27.1.12297006/toolchains/llvm/prebuilt/linux-x86_64/bin/clang++ --target=armv7-none-linux-androideabi21 --sysroot=/home/zeeshan/Android/Sdk/ndk/27.1.12297006/toolchains/llvm/prebuilt/linux-x86_64/sysroot -g -DANDROID -fdata-sections -ffunction-sections -funwind-tables -fstack-protector-strong -no-canonical-prefixes -D_FORTIFY_SOURCE=2 -march=armv7-a -mthumb -Wformat -Werror=format-security   -flto=thin -static-libstdc++ -Wl,--build-id=sha1 -Wl,--no-rosegment -Wl,--no-undefined-version -Wl,--fatal-warnings -Wl,--no-undefined -Qunused-arguments     -fuse-ld=gold CMakeFiles/boo.dir/main.cpp.o -o boo  libfoo.a  -latomic -lm && :
/usr/bin/ld.gold: error: /home/zeeshan/Android/Sdk/ndk/27.1.12297006/toolchains/llvm/prebuilt/linux-x86_64/bin/../lib/LLVMgold.so: could not load plugin library: /home/zeeshan/Android/Sdk/ndk/27.1.12297006/toolchains/llvm/prebuilt/linux-x86_64/bin/../lib/LLVMgold.so: cannot open shared object file: No such file or directory
/usr/bin/ld.gold: fatal error: /home/zeeshan/Android/Sdk/ndk/27.1.12297006/toolchains/llvm/prebuilt/linux-x86_64/sysroot/usr/lib/arm-linux-androideabi/21/crtbegin_dynamic.o: unsupported ELF machine number 40
clang++: error: linker command failed with exit code 1 (use -v to see invocation)
ninja: build stopped: subcommand failed.


CXX compiler IPO check failed with the following output:
Change Dir: /home/zeeshan/emergency-response-system/mobile/android/app/.cxx/Debug/s6w3t1p3/x86/CMakeFiles/_CMakeLTOTest-CXX/bin

Run Build Command(s):/home/zeeshan/Android/Sdk/cmake/3.22.1/bin/ninja && [1/4] Building CXX object CMakeFiles/foo.dir/foo.cpp.o
[2/4] Building CXX object CMakeFiles/boo.dir/main.cpp.o
[3/4] Linking CXX static library libfoo.a
[4/4] Linking CXX executable boo
FAILED: boo 
: && /home/zeeshan/Android/Sdk/ndk/27.1.12297006/toolchains/llvm/prebuilt/linux-x86_64/bin/clang++ --target=armv7-none-linux-androideabi21 --sysroot=/home/zeeshan/Android/Sdk/ndk/27.1.12297006/toolchains/llvm/prebuilt/linux-x86_64/sysroot -g -DANDROID -fdata-sections -ffunction-sections -funwind-tables -fstack-protector-strong -no-canonical-prefixes -D_FORTIFY_SOURCE=2 -march=armv7-a -mthumb -Wformat -Werror=format-security   -flto=thin -static-libstdc++ -Wl,--build-id=sha1 -Wl,--no-rosegment -Wl,--no-undefined-version -Wl,--fatal-warnings -Wl,--no-undefined -Qunused-arguments     -fuse-ld=gold CMakeFiles/boo.dir/main.cpp.o -o boo  libfoo.a  -latomic -lm && :
/usr/bin/ld.gold: error: /home/zeeshan/Android/Sdk/ndk/27.1.12297006/toolchains/llvm/prebuilt/linux-x86_64/bin/../lib/LLVMgold.so: could not load plugin library: /home/zeeshan/Android/Sdk/ndk/27.1.12297006/toolchains/llvm/prebuilt/linux-x86_64/bin/../lib/LLVMgold.so: cannot open shared object file: No such file or directory
/usr/bin/ld.gold: fatal error: /home/zeeshan/Android/Sdk/ndk/27.1.12297006/toolchains/llvm/prebuilt/linux-x86_64/sysroot/usr/lib/arm-linux-androideabi/21/crtbegin_dynamic.o: unsupported ELF machine number 40
clang++: error: linker command failed with exit code 1 (use -v to see invocation)
ninja: build stopped: subcommand failed.


